16:50:46 [__init__.py:276 -              wrapper()] DEBUG | CACHEDIR=C:\Users\908928.TAWE\.matplotlib
16:50:46 [font_manager.py:1360 -             <module>()] DEBUG | Using fontManager instance from C:\Users\908928.TAWE\.matplotlib\fontlist-v310.json
16:50:46 [process_data.py:35 -           read_files()] INFO | All files read, new dataframe created - dataframe shape (10000, 80) 
16:50:47 [process_data.py:73 -        drop_nan_rows()] INFO | NaNs & Infinity removed - dataframe shape (9968, 80)
16:50:47 [classifier.py:58 - random_forest_classifier()] INFO | Random forest classifier -- initialised
16:50:47 [classifier.py:67 - random_forest_classifier()] INFO | Random forest classifier accuracy: 0.9996656636576395
16:50:47 [classifier.py:68 - random_forest_classifier()] INFO | Random forest classifier took 0.48999977111816406 seconds
16:56:15 [__init__.py:276 -              wrapper()] DEBUG | CACHEDIR=C:\Users\908928.TAWE\.matplotlib
16:56:15 [font_manager.py:1360 -             <module>()] DEBUG | Using fontManager instance from C:\Users\908928.TAWE\.matplotlib\fontlist-v310.json
16:56:15 [process_data.py:35 -           read_files()] INFO | All files read, new dataframe created - dataframe shape: (10000, 80) 
16:56:15 [process_data.py:73 -        drop_nan_rows()] INFO | NaNs & Infinity removed - dataframe shape: (9968, 80)
16:56:15 [classifier.py:60 - random_forest_classifier()] INFO | Random forest classifier -- initialised
16:56:16 [classifier.py:66 - random_forest_classifier()] INFO | Saving RANDOM-FOREST-CLASSIFIER-MODEL at location: out/rf-model.sav
16:56:16 [classifier.py:70 - random_forest_classifier()] INFO | Random forest classifier accuracy: 0.9993313273152792
16:56:16 [classifier.py:71 - random_forest_classifier()] INFO | Random forest classifier took 0.4720001220703125 seconds
16:56:31 [__init__.py:276 -              wrapper()] DEBUG | CACHEDIR=C:\Users\908928.TAWE\.matplotlib
16:56:31 [font_manager.py:1360 -             <module>()] DEBUG | Using fontManager instance from C:\Users\908928.TAWE\.matplotlib\fontlist-v310.json
16:56:41 [process_data.py:35 -           read_files()] INFO | All files read, new dataframe created - dataframe shape: (1048575, 80) 
16:57:24 [process_data.py:73 -        drop_nan_rows()] INFO | NaNs & Infinity removed - dataframe shape: (1044525, 80)
16:57:26 [classifier.py:60 - random_forest_classifier()] INFO | Random forest classifier -- initialised
17:00:22 [__init__.py:276 -              wrapper()] DEBUG | CACHEDIR=C:\Users\908928.TAWE\.matplotlib
17:00:22 [font_manager.py:1360 -             <module>()] DEBUG | Using fontManager instance from C:\Users\908928.TAWE\.matplotlib\fontlist-v310.json
17:00:51 [__init__.py:276 -              wrapper()] DEBUG | CACHEDIR=C:\Users\908928.TAWE\.matplotlib
17:00:51 [font_manager.py:1360 -             <module>()] DEBUG | Using fontManager instance from C:\Users\908928.TAWE\.matplotlib\fontlist-v310.json
17:00:51 [process_data.py:22 -           read_files()] INFO | Current file iteration 0 - C:\Users\908928.TAWE\aws\Friday-02-03-2018_TrafficForML_CICFlowMeter.csv
17:00:57 [process_data.py:27 -           read_files()] INFO | 0: Chunk process 0
17:00:58 [process_data.py:27 -           read_files()] INFO | 0: Chunk process 1
17:01:01 [process_data.py:35 -           read_files()] INFO | All files read, new dataframe created - dataframe shape: (1048575, 80) 
17:01:44 [process_data.py:73 -        drop_nan_rows()] INFO | NaNs & Infinity removed - dataframe shape: (1044525, 80)
17:01:46 [classifier.py:60 - random_forest_classifier()] INFO | Random forest classifier -- initialised
17:03:35 [classifier.py:66 - random_forest_classifier()] INFO | Saving RANDOM-FOREST-CLASSIFIER-MODEL at location: out/rf-model.sav
17:03:38 [classifier.py:70 - random_forest_classifier()] INFO | Random forest classifier accuracy: 0.9999808525711805
17:03:38 [classifier.py:71 - random_forest_classifier()] INFO | Random forest classifier took 112.09599995613098 seconds
17:06:50 [__init__.py:276 -              wrapper()] DEBUG | CACHEDIR=C:\Users\908928.TAWE\.matplotlib
17:06:50 [font_manager.py:1360 -             <module>()] DEBUG | Using fontManager instance from C:\Users\908928.TAWE\.matplotlib\fontlist-v310.json
17:06:50 [process_data.py:22 -           read_files()] INFO | Current file iteration 0 - C:\Users\908928.TAWE\aws\Friday-02-03-2018_TrafficForML_CICFlowMeter.csv
17:06:55 [process_data.py:27 -           read_files()] INFO | 0: Chunk process 0
17:06:57 [process_data.py:27 -           read_files()] INFO | 0: Chunk process 1
17:07:11 [__init__.py:276 -              wrapper()] DEBUG | CACHEDIR=C:\Users\908928.TAWE\.matplotlib
17:07:11 [font_manager.py:1360 -             <module>()] DEBUG | Using fontManager instance from C:\Users\908928.TAWE\.matplotlib\fontlist-v310.json
17:07:11 [process_data.py:22 -           read_files()] INFO | Current file iteration 0 - C:\Users\908928.TAWE\aws\Friday-02-03-2018_TrafficForML_CICFlowMeter.csv
17:07:16 [process_data.py:27 -           read_files()] INFO | 0: Chunk process 0
17:07:17 [process_data.py:27 -           read_files()] INFO | 0: Chunk process 1
17:07:21 [process_data.py:35 -           read_files()] INFO | All files read, new dataframe created - dataframe shape: (1048575, 80) 
17:08:04 [process_data.py:73 -        drop_nan_rows()] INFO | NaNs & Infinity removed - dataframe shape: (1044525, 80)
17:08:05 [classifier.py:34 -   label_encode_class()] INFO | Label encoder mapping {'Benign': 0, 'Bot': 1}
17:08:05 [classifier.py:54 -           split_data()] INFO | Y/Output variable ['Label'] with shape ['Label']
17:08:05 [classifier.py:55 -           split_data()] INFO | X/Input variables ['ACK Flag Cnt', 'Active Max', 'Active Mean', 'Active Min', 'Active Std', 'Bwd Blk Rate Avg', 'Bwd Byts/b Avg', 'Bwd Header Len', 'Bwd IAT Max', 'Bwd IAT Mean', 'Bwd IAT Min', 'Bwd IAT Std', 'Bwd IAT Tot', 'Bwd PSH Flags', 'Bwd Pkt Len Max', 'Bwd Pkt Len Mean', 'Bwd Pkt Len Min', 'Bwd Pkt Len Std', 'Bwd Pkts/b Avg', 'Bwd Pkts/s', 'Bwd Seg Size Avg', 'Bwd URG Flags', 'CWE Flag Count', 'Down/Up Ratio', 'Dst Port', 'ECE Flag Cnt', 'FIN Flag Cnt', 'Flow Duration', 'Flow IAT Max', 'Flow IAT Mean', 'Flow IAT Min', 'Flow IAT Std', 'Fwd Act Data Pkts', 'Fwd Blk Rate Avg', 'Fwd Byts/b Avg', 'Fwd Header Len', 'Fwd IAT Max', 'Fwd IAT Mean', 'Fwd IAT Min', 'Fwd IAT Std', 'Fwd IAT Tot', 'Fwd PSH Flags', 'Fwd Pkt Len Max', 'Fwd Pkt Len Mean', 'Fwd Pkt Len Min', 'Fwd Pkt Len Std', 'Fwd Pkts/b Avg', 'Fwd Pkts/s', 'Fwd Seg Size Avg', 'Fwd Seg Size Min', 'Fwd URG Flags', 'Idle Max', 'Idle Mean', 'Idle Min', 'Idle Std', 'Init Bwd Win Byts', 'Init Fwd Win Byts', 'PSH Flag Cnt', 'Pkt Len Max', 'Pkt Len Mean', 'Pkt Len Min', 'Pkt Len Std', 'Pkt Len Var', 'Pkt Size Avg', 'Protocol', 'RST Flag Cnt', 'SYN Flag Cnt', 'Subflow Bwd Byts', 'Subflow Bwd Pkts', 'Subflow Fwd Byts', 'Subflow Fwd Pkts', 'Tot Bwd Pkts', 'Tot Fwd Pkts', 'TotLen Bwd Pkts', 'TotLen Fwd Pkts', 'URG Flag Cnt'] with shape ['ACK Flag Cnt', 'Active Max', 'Active Mean', 'Active Min', 'Active Std', 'Bwd Blk Rate Avg', 'Bwd Byts/b Avg', 'Bwd Header Len', 'Bwd IAT Max', 'Bwd IAT Mean', 'Bwd IAT Min', 'Bwd IAT Std', 'Bwd IAT Tot', 'Bwd PSH Flags', 'Bwd Pkt Len Max', 'Bwd Pkt Len Mean', 'Bwd Pkt Len Min', 'Bwd Pkt Len Std', 'Bwd Pkts/b Avg', 'Bwd Pkts/s', 'Bwd Seg Size Avg', 'Bwd URG Flags', 'CWE Flag Count', 'Down/Up Ratio', 'Dst Port', 'ECE Flag Cnt', 'FIN Flag Cnt', 'Flow Duration', 'Flow IAT Max', 'Flow IAT Mean', 'Flow IAT Min', 'Flow IAT Std', 'Fwd Act Data Pkts', 'Fwd Blk Rate Avg', 'Fwd Byts/b Avg', 'Fwd Header Len', 'Fwd IAT Max', 'Fwd IAT Mean', 'Fwd IAT Min', 'Fwd IAT Std', 'Fwd IAT Tot', 'Fwd PSH Flags', 'Fwd Pkt Len Max', 'Fwd Pkt Len Mean', 'Fwd Pkt Len Min', 'Fwd Pkt Len Std', 'Fwd Pkts/b Avg', 'Fwd Pkts/s', 'Fwd Seg Size Avg', 'Fwd Seg Size Min', 'Fwd URG Flags', 'Idle Max', 'Idle Mean', 'Idle Min', 'Idle Std', 'Init Bwd Win Byts', 'Init Fwd Win Byts', 'PSH Flag Cnt', 'Pkt Len Max', 'Pkt Len Mean', 'Pkt Len Min', 'Pkt Len Std', 'Pkt Len Var', 'Pkt Size Avg', 'Protocol', 'RST Flag Cnt', 'SYN Flag Cnt', 'Subflow Bwd Byts', 'Subflow Bwd Pkts', 'Subflow Fwd Byts', 'Subflow Fwd Pkts', 'Tot Bwd Pkts', 'Tot Fwd Pkts', 'TotLen Bwd Pkts', 'TotLen Fwd Pkts', 'URG Flag Cnt']
17:08:05 [classifier.py:56 -           split_data()] INFO | Train vs Test split: 0.7-0.3
17:08:05 [classifier.py:64 - random_forest_classifier()] INFO | Random forest classifier -- initialised
17:08:54 [__init__.py:276 -              wrapper()] DEBUG | CACHEDIR=C:\Users\908928.TAWE\.matplotlib
17:08:54 [font_manager.py:1360 -             <module>()] DEBUG | Using fontManager instance from C:\Users\908928.TAWE\.matplotlib\fontlist-v310.json
17:08:55 [process_data.py:22 -           read_files()] INFO | Current file iteration 0 - C:\Users\908928.TAWE\aws\Friday-02-03-2018_TrafficForML_CICFlowMeter.csv
17:09:00 [process_data.py:27 -           read_files()] INFO | 0: Chunk process 0
17:09:01 [process_data.py:27 -           read_files()] INFO | 0: Chunk process 1
17:09:04 [process_data.py:35 -           read_files()] INFO | All files read, new dataframe created - dataframe shape: (1048575, 80) 
17:09:48 [process_data.py:73 -        drop_nan_rows()] INFO | NaNs & Infinity removed - dataframe shape: (1044525, 80)
17:09:49 [classifier.py:34 -   label_encode_class()] INFO | Label encoder mapping {'Benign': 0, 'Bot': 1}
17:09:49 [classifier.py:54 -           split_data()] INFO | Y/Output variable ['Label'] with shape (1044525,)
17:09:49 [classifier.py:55 -           split_data()] INFO | X/Input variables ['ACK Flag Cnt', 'Active Max', 'Active Mean', 'Active Min', 'Active Std', 'Bwd Blk Rate Avg', 'Bwd Byts/b Avg', 'Bwd Header Len', 'Bwd IAT Max', 'Bwd IAT Mean', 'Bwd IAT Min', 'Bwd IAT Std', 'Bwd IAT Tot', 'Bwd PSH Flags', 'Bwd Pkt Len Max', 'Bwd Pkt Len Mean', 'Bwd Pkt Len Min', 'Bwd Pkt Len Std', 'Bwd Pkts/b Avg', 'Bwd Pkts/s', 'Bwd Seg Size Avg', 'Bwd URG Flags', 'CWE Flag Count', 'Down/Up Ratio', 'Dst Port', 'ECE Flag Cnt', 'FIN Flag Cnt', 'Flow Duration', 'Flow IAT Max', 'Flow IAT Mean', 'Flow IAT Min', 'Flow IAT Std', 'Fwd Act Data Pkts', 'Fwd Blk Rate Avg', 'Fwd Byts/b Avg', 'Fwd Header Len', 'Fwd IAT Max', 'Fwd IAT Mean', 'Fwd IAT Min', 'Fwd IAT Std', 'Fwd IAT Tot', 'Fwd PSH Flags', 'Fwd Pkt Len Max', 'Fwd Pkt Len Mean', 'Fwd Pkt Len Min', 'Fwd Pkt Len Std', 'Fwd Pkts/b Avg', 'Fwd Pkts/s', 'Fwd Seg Size Avg', 'Fwd Seg Size Min', 'Fwd URG Flags', 'Idle Max', 'Idle Mean', 'Idle Min', 'Idle Std', 'Init Bwd Win Byts', 'Init Fwd Win Byts', 'PSH Flag Cnt', 'Pkt Len Max', 'Pkt Len Mean', 'Pkt Len Min', 'Pkt Len Std', 'Pkt Len Var', 'Pkt Size Avg', 'Protocol', 'RST Flag Cnt', 'SYN Flag Cnt', 'Subflow Bwd Byts', 'Subflow Bwd Pkts', 'Subflow Fwd Byts', 'Subflow Fwd Pkts', 'Tot Bwd Pkts', 'Tot Fwd Pkts', 'TotLen Bwd Pkts', 'TotLen Fwd Pkts', 'URG Flag Cnt'] with shape (1044525, 76)
17:09:49 [classifier.py:56 -           split_data()] INFO | Train vs Test split: 0.7-0.3
17:09:50 [classifier.py:64 - random_forest_classifier()] INFO | Random forest classifier -- initialised
17:11:43 [classifier.py:70 - random_forest_classifier()] INFO | Saving RANDOM-FOREST-CLASSIFIER-MODEL at location: out/rf-model.sav
17:11:46 [classifier.py:74 - random_forest_classifier()] INFO | Random forest classifier accuracy: 0.999955322666088
17:11:46 [classifier.py:75 - random_forest_classifier()] INFO | Random forest classifier took 115.57866311073303 seconds
17:11:46 [classifier.py:47 -           split_data()] INFO | 
17:11:53 [classifier.py:34 -   label_encode_class()] INFO | Label encoder mapping {'Benign': 0, 'Bot': 1}
17:11:53 [classifier.py:54 -           split_data()] INFO | Y/Output variable ['Label'] with shape (1044525,)
17:11:53 [classifier.py:55 -           split_data()] INFO | X/Input variables ['ACK Flag Cnt', 'Active Max', 'Active Mean', 'Active Min', 'Active Std', 'Bwd Blk Rate Avg', 'Bwd Byts/b Avg', 'Bwd Header Len', 'Bwd IAT Max', 'Bwd IAT Mean', 'Bwd IAT Min', 'Bwd IAT Std', 'Bwd IAT Tot', 'Bwd PSH Flags', 'Bwd Pkt Len Max', 'Bwd Pkt Len Mean', 'Bwd Pkt Len Min', 'Bwd Pkt Len Std', 'Bwd Pkts/b Avg', 'Bwd Pkts/s', 'Bwd Seg Size Avg', 'Bwd URG Flags', 'CWE Flag Count', 'Down/Up Ratio', 'Dst Port', 'ECE Flag Cnt', 'FIN Flag Cnt', 'Flow Duration', 'Flow IAT Max', 'Flow IAT Mean', 'Flow IAT Min', 'Flow IAT Std', 'Fwd Act Data Pkts', 'Fwd Blk Rate Avg', 'Fwd Byts/b Avg', 'Fwd Header Len', 'Fwd IAT Max', 'Fwd IAT Mean', 'Fwd IAT Min', 'Fwd IAT Std', 'Fwd IAT Tot', 'Fwd PSH Flags', 'Fwd Pkt Len Max', 'Fwd Pkt Len Mean', 'Fwd Pkt Len Min', 'Fwd Pkt Len Std', 'Fwd Pkts/b Avg', 'Fwd Pkts/s', 'Fwd Seg Size Avg', 'Fwd Seg Size Min', 'Fwd URG Flags', 'Idle Max', 'Idle Mean', 'Idle Min', 'Idle Std', 'Init Bwd Win Byts', 'Init Fwd Win Byts', 'PSH Flag Cnt', 'Pkt Len Max', 'Pkt Len Mean', 'Pkt Len Min', 'Pkt Len Std', 'Pkt Len Var', 'Pkt Size Avg', 'Protocol', 'RST Flag Cnt', 'SYN Flag Cnt', 'Subflow Bwd Byts', 'Subflow Bwd Pkts', 'Subflow Fwd Byts', 'Subflow Fwd Pkts', 'Tot Bwd Pkts', 'Tot Fwd Pkts', 'TotLen Bwd Pkts', 'TotLen Fwd Pkts', 'URG Flag Cnt'] with shape (1044525, 76)
17:11:53 [classifier.py:56 -           split_data()] INFO | Train vs Test split: 0.7-0.3
17:11:54 [classifier.py:83 - support_vector_machine_classifier()] INFO | Support vector machine classifier -- initialised
18:03:26 [__init__.py:276 -              wrapper()] DEBUG | CACHEDIR=C:\Users\908928.TAWE\.matplotlib
18:03:26 [font_manager.py:1360 -             <module>()] DEBUG | Using fontManager instance from C:\Users\908928.TAWE\.matplotlib\fontlist-v310.json
18:03:26 [process_data.py:22 -           read_files()] INFO | Current file iteration 0 - C:\Users\908928.TAWE\aws\Friday-02-03-2018_TrafficForML_CICFlowMeter.csv
18:03:31 [process_data.py:27 -           read_files()] INFO | 0: Chunk process 0
18:03:32 [process_data.py:27 -           read_files()] INFO | 0: Chunk process 1
18:03:36 [process_data.py:35 -           read_files()] INFO | All files read, new dataframe created - dataframe shape: (1048575, 80) 
18:04:17 [process_data.py:73 -        drop_nan_rows()] INFO | NaNs & Infinity removed - dataframe shape: (1044525, 80)
18:04:17 [classifier.py:47 -           split_data()] INFO | Data is being normalised.
18:04:24 [classifier.py:34 -   label_encode_class()] INFO | Label encoder mapping {'Benign': 0, 'Bot': 1}
18:04:24 [classifier.py:54 -           split_data()] INFO | Y/Output variable ['Label'] with shape (1044525,)
18:04:24 [classifier.py:55 -           split_data()] INFO | X/Input variables ['ACK Flag Cnt', 'Active Max', 'Active Mean', 'Active Min', 'Active Std', 'Bwd Blk Rate Avg', 'Bwd Byts/b Avg', 'Bwd Header Len', 'Bwd IAT Max', 'Bwd IAT Mean', 'Bwd IAT Min', 'Bwd IAT Std', 'Bwd IAT Tot', 'Bwd PSH Flags', 'Bwd Pkt Len Max', 'Bwd Pkt Len Mean', 'Bwd Pkt Len Min', 'Bwd Pkt Len Std', 'Bwd Pkts/b Avg', 'Bwd Pkts/s', 'Bwd Seg Size Avg', 'Bwd URG Flags', 'CWE Flag Count', 'Down/Up Ratio', 'Dst Port', 'ECE Flag Cnt', 'FIN Flag Cnt', 'Flow Duration', 'Flow IAT Max', 'Flow IAT Mean', 'Flow IAT Min', 'Flow IAT Std', 'Fwd Act Data Pkts', 'Fwd Blk Rate Avg', 'Fwd Byts/b Avg', 'Fwd Header Len', 'Fwd IAT Max', 'Fwd IAT Mean', 'Fwd IAT Min', 'Fwd IAT Std', 'Fwd IAT Tot', 'Fwd PSH Flags', 'Fwd Pkt Len Max', 'Fwd Pkt Len Mean', 'Fwd Pkt Len Min', 'Fwd Pkt Len Std', 'Fwd Pkts/b Avg', 'Fwd Pkts/s', 'Fwd Seg Size Avg', 'Fwd Seg Size Min', 'Fwd URG Flags', 'Idle Max', 'Idle Mean', 'Idle Min', 'Idle Std', 'Init Bwd Win Byts', 'Init Fwd Win Byts', 'PSH Flag Cnt', 'Pkt Len Max', 'Pkt Len Mean', 'Pkt Len Min', 'Pkt Len Std', 'Pkt Len Var', 'Pkt Size Avg', 'Protocol', 'RST Flag Cnt', 'SYN Flag Cnt', 'Subflow Bwd Byts', 'Subflow Bwd Pkts', 'Subflow Fwd Byts', 'Subflow Fwd Pkts', 'Tot Bwd Pkts', 'Tot Fwd Pkts', 'TotLen Bwd Pkts', 'TotLen Fwd Pkts', 'URG Flag Cnt'] with shape (1044525, 76)
18:04:24 [classifier.py:56 -           split_data()] INFO | Train vs Test split: 0.7-0.3
18:04:25 [classifier.py:83 - support_vector_machine_classifier()] INFO | Support vector machine classifier -- initialised
18:04:40 [classifier.py:89 - support_vector_machine_classifier()] INFO | Saving SUPPORT-VECTOR-MACHINE-CLASSIFIER-MODEL at location: out/svm-model.sav
18:04:40 [classifier.py:93 - support_vector_machine_classifier()] INFO | Support vector machine accuracy: 0.9829907007320701
18:04:40 [classifier.py:94 - support_vector_machine_classifier()] INFO | Support vector machine classifier took 15.397200107574463 seconds
