15:42:53 [process_data.py:23 -           read_files()] INFO | Current file iteration 0 - ../Datasets/Friday-02-03-2018_TrafficForML_CICFlowMeter.csv
15:42:58 [process_data.py:28 -           read_files()] INFO | 0: Chunk process 0
15:42:58 [process_data.py:28 -           read_files()] INFO | 0: Chunk process 1
15:43:00 [process_data.py:36 -           read_files()] INFO | All files read, new dataframe created - dataframe shape: (1048575, 80) 
15:43:01 [visualiser.py:77 -       visualise_NaNs()] INFO | NaN graph visualised at location: out/Friday-02-03-2018_TrafficForML_CICFlowMeter/nans.png
15:43:18 [visualiser.py:31 -    visualise_boxplot()] INFO | Boxplot visualised at location: out/Friday-02-03-2018_TrafficForML_CICFlowMeter/boxplot.png
15:43:21 [visualiser.py:63 -        visualise_pie()] INFO | Pie chart visualised at location: out/Friday-02-03-2018_TrafficForML_CICFlowMeter/pie.png
15:43:39 [process_data.py:23 -           read_files()] INFO | Current file iteration 0 - ../Datasets/Friday-16-02-2018_TrafficForML_CICFlowMeter.csv
15:43:46 [process_data.py:28 -           read_files()] INFO | 0: Chunk process 0
15:43:47 [process_data.py:28 -           read_files()] INFO | 0: Chunk process 1
15:43:50 [process_data.py:36 -           read_files()] INFO | All files read, new dataframe created - dataframe shape: (1048575, 80) 
15:43:53 [visualiser.py:77 -       visualise_NaNs()] INFO | NaN graph visualised at location: out/Friday-16-02-2018_TrafficForML_CICFlowMeter/nans.png
15:58:37 [process_data.py:23 -           read_files()] INFO | Current file iteration 0 - ../Datasets//Friday-23-02-2018_TrafficForML_CICFlowMeter.csv
15:58:41 [process_data.py:28 -           read_files()] INFO | 0: Chunk process 0
15:58:42 [process_data.py:28 -           read_files()] INFO | 0: Chunk process 1
15:58:43 [process_data.py:36 -           read_files()] INFO | All files read, new dataframe created - dataframe shape: (1048575, 80) 
15:59:04 [visualiser.py:31 -    visualise_boxplot()] INFO | Boxplot visualised at location: out/boxplot.png
15:59:09 [process_data.py:23 -           read_files()] INFO | Current file iteration 0 - ../Datasets//Friday-23-02-2018_TrafficForML_CICFlowMeter.csv
15:59:14 [process_data.py:28 -           read_files()] INFO | 0: Chunk process 0
15:59:15 [process_data.py:28 -           read_files()] INFO | 0: Chunk process 1
15:59:16 [process_data.py:36 -           read_files()] INFO | All files read, new dataframe created - dataframe shape: (1048575, 80) 
15:59:16 [visualiser.py:63 -        visualise_pie()] INFO | Pie chart visualised at location: out/pie.png
15:59:46 [process_data.py:23 -           read_files()] INFO | Current file iteration 0 - ../Datasets/Friday-02-03-2018_TrafficForML_CICFlowMeter.csv
15:59:50 [process_data.py:28 -           read_files()] INFO | 0: Chunk process 0
15:59:51 [process_data.py:28 -           read_files()] INFO | 0: Chunk process 1
15:59:53 [process_data.py:36 -           read_files()] INFO | All files read, new dataframe created - dataframe shape: (1048575, 80) 
15:59:54 [visualiser.py:77 -       visualise_NaNs()] INFO | NaN graph visualised at location: out/Friday-02-03-2018_TrafficForML_CICFlowMeter/nans.png
16:00:10 [visualiser.py:31 -    visualise_boxplot()] INFO | Boxplot visualised at location: out/Friday-02-03-2018_TrafficForML_CICFlowMeter/boxplot.png
16:00:14 [visualiser.py:63 -        visualise_pie()] INFO | Pie chart visualised at location: out/Friday-02-03-2018_TrafficForML_CICFlowMeter/pie.png
16:00:15 [process_data.py:23 -           read_files()] INFO | Current file iteration 0 - ../Datasets/Friday-16-02-2018_TrafficForML_CICFlowMeter.csv
16:00:21 [process_data.py:28 -           read_files()] INFO | 0: Chunk process 0
16:00:22 [process_data.py:28 -           read_files()] INFO | 0: Chunk process 1
16:00:26 [process_data.py:36 -           read_files()] INFO | All files read, new dataframe created - dataframe shape: (1048575, 80) 
16:00:29 [visualiser.py:77 -       visualise_NaNs()] INFO | NaN graph visualised at location: out/Friday-16-02-2018_TrafficForML_CICFlowMeter/nans.png
16:00:31 [process_data.py:23 -           read_files()] INFO | Current file iteration 0 - ../Datasets/Friday-23-02-2018_TrafficForML_CICFlowMeter.csv
16:00:33 [process_data.py:23 -           read_files()] INFO | Current file iteration 0 - ../Datasets/Thuesday-20-02-2018_TrafficForML_CICFlowMeter.csv
14:24:52 [process_data.py:23 -           read_files()] INFO | Current file iteration 0 - ../Datasets/cleaned_data/*.csv
14:25:08 [process_data.py:23 -           read_files()] INFO | Current file iteration 0 - ../Datasets/cleaned/Friday-02-03-2018_TrafficForML_CICFlowMeter.csv
14:25:13 [process_data.py:28 -           read_files()] INFO | 0: Chunk process 0
14:25:13 [process_data.py:28 -           read_files()] INFO | 0: Chunk process 1
14:25:15 [process_data.py:44 -           read_files()] INFO | All files read, new dataframe created - dataframe shape: (1048575, 80) 
14:25:16 [visualiser.py:77 -       visualise_NaNs()] INFO | NaN graph visualised at location: out/Friday-02-03-2018_TrafficForML_CICFlowMeter/nans.png
14:25:23 [process_data.py:23 -           read_files()] INFO | Current file iteration 0 - ../Datasets/cleaned/Friday-16-02-2018_TrafficForML_CICFlowMeter.csv
14:25:27 [process_data.py:28 -           read_files()] INFO | 0: Chunk process 0
14:25:28 [process_data.py:28 -           read_files()] INFO | 0: Chunk process 1
14:25:29 [process_data.py:44 -           read_files()] INFO | All files read, new dataframe created - dataframe shape: (1048574, 80) 
14:25:59 [process_data.py:23 -           read_files()] INFO | Current file iteration 0 - ../Datasets/cleaned/Friday-02-03-2018_TrafficForML_CICFlowMeter.csv
14:26:04 [process_data.py:28 -           read_files()] INFO | 0: Chunk process 0
14:26:05 [process_data.py:28 -           read_files()] INFO | 0: Chunk process 1
14:26:06 [process_data.py:44 -           read_files()] INFO | All files read, new dataframe created - dataframe shape: (1048575, 80) 
14:26:07 [visualiser.py:77 -       visualise_NaNs()] INFO | NaN graph visualised at location: out/Friday-02-03-2018_TrafficForML_CICFlowMeter/nans.png
14:26:24 [visualiser.py:31 -    visualise_boxplot()] INFO | Boxplot visualised at location: out/Friday-02-03-2018_TrafficForML_CICFlowMeter/boxplot.png
14:26:28 [visualiser.py:63 -        visualise_pie()] INFO | Pie chart visualised at location: out/Friday-02-03-2018_TrafficForML_CICFlowMeter/pie.png
14:26:28 [process_data.py:23 -           read_files()] INFO | Current file iteration 0 - ../Datasets/cleaned/Friday-16-02-2018_TrafficForML_CICFlowMeter.csv
14:26:32 [process_data.py:28 -           read_files()] INFO | 0: Chunk process 0
14:26:33 [process_data.py:28 -           read_files()] INFO | 0: Chunk process 1
14:26:34 [process_data.py:44 -           read_files()] INFO | All files read, new dataframe created - dataframe shape: (1048574, 80) 
14:26:35 [visualiser.py:77 -       visualise_NaNs()] INFO | NaN graph visualised at location: out/Friday-16-02-2018_TrafficForML_CICFlowMeter/nans.png
14:26:45 [visualiser.py:31 -    visualise_boxplot()] INFO | Boxplot visualised at location: out/Friday-16-02-2018_TrafficForML_CICFlowMeter/boxplot.png
14:26:47 [visualiser.py:63 -        visualise_pie()] INFO | Pie chart visualised at location: out/Friday-16-02-2018_TrafficForML_CICFlowMeter/pie.png
14:26:48 [process_data.py:23 -           read_files()] INFO | Current file iteration 0 - ../Datasets/cleaned/Friday-23-02-2018_TrafficForML_CICFlowMeter.csv
14:26:53 [process_data.py:28 -           read_files()] INFO | 0: Chunk process 0
14:26:53 [process_data.py:28 -           read_files()] INFO | 0: Chunk process 1
14:26:55 [process_data.py:44 -           read_files()] INFO | All files read, new dataframe created - dataframe shape: (1048575, 80) 
14:26:56 [visualiser.py:77 -       visualise_NaNs()] INFO | NaN graph visualised at location: out/Friday-23-02-2018_TrafficForML_CICFlowMeter/nans.png
14:27:13 [visualiser.py:31 -    visualise_boxplot()] INFO | Boxplot visualised at location: out/Friday-23-02-2018_TrafficForML_CICFlowMeter/boxplot.png
14:27:17 [visualiser.py:63 -        visualise_pie()] INFO | Pie chart visualised at location: out/Friday-23-02-2018_TrafficForML_CICFlowMeter/pie.png
14:27:17 [process_data.py:23 -           read_files()] INFO | Current file iteration 0 - ../Datasets/cleaned/merged_csv.csv
14:27:22 [process_data.py:28 -           read_files()] INFO | 0: Chunk process 0
14:27:27 [process_data.py:28 -           read_files()] INFO | 0: Chunk process 1
14:27:32 [process_data.py:28 -           read_files()] INFO | 0: Chunk process 2
14:27:36 [process_data.py:28 -           read_files()] INFO | 0: Chunk process 3
14:27:41 [process_data.py:28 -           read_files()] INFO | 0: Chunk process 4
14:27:47 [process_data.py:28 -           read_files()] INFO | 0: Chunk process 5
14:27:51 [process_data.py:28 -           read_files()] INFO | 0: Chunk process 6
14:27:56 [process_data.py:28 -           read_files()] INFO | 0: Chunk process 7
14:28:02 [process_data.py:28 -           read_files()] INFO | 0: Chunk process 8
14:28:09 [process_data.py:28 -           read_files()] INFO | 0: Chunk process 9
14:28:16 [process_data.py:28 -           read_files()] INFO | 0: Chunk process 10
14:28:22 [process_data.py:28 -           read_files()] INFO | 0: Chunk process 11
14:28:29 [process_data.py:28 -           read_files()] INFO | 0: Chunk process 12
14:28:36 [process_data.py:28 -           read_files()] INFO | 0: Chunk process 13
14:28:43 [process_data.py:28 -           read_files()] INFO | 0: Chunk process 14
14:28:49 [process_data.py:28 -           read_files()] INFO | 0: Chunk process 15
14:28:51 [process_data.py:28 -           read_files()] INFO | 0: Chunk process 16
14:29:18 [process_data.py:44 -           read_files()] INFO | All files read, new dataframe created - dataframe shape: (16232943, 84) 
14:29:24 [visualiser.py:77 -       visualise_NaNs()] INFO | NaN graph visualised at location: out/merged_csv/nans.png
14:33:42 [visualiser.py:31 -    visualise_boxplot()] INFO | Boxplot visualised at location: out/merged_csv/boxplot.png
14:34:39 [visualiser.py:63 -        visualise_pie()] INFO | Pie chart visualised at location: out/merged_csv/pie.png
14:34:41 [process_data.py:23 -           read_files()] INFO | Current file iteration 0 - ../Datasets/cleaned/Thuesday-20-02-2018_TrafficForML_CICFlowMeter.csv
14:34:47 [process_data.py:28 -           read_files()] INFO | 0: Chunk process 0
14:34:53 [process_data.py:28 -           read_files()] INFO | 0: Chunk process 1
14:35:00 [process_data.py:28 -           read_files()] INFO | 0: Chunk process 2
14:35:07 [process_data.py:28 -           read_files()] INFO | 0: Chunk process 3
14:35:13 [process_data.py:28 -           read_files()] INFO | 0: Chunk process 4
14:35:20 [process_data.py:28 -           read_files()] INFO | 0: Chunk process 5
14:35:27 [process_data.py:28 -           read_files()] INFO | 0: Chunk process 6
14:35:33 [process_data.py:28 -           read_files()] INFO | 0: Chunk process 7
14:35:47 [process_data.py:44 -           read_files()] INFO | All files read, new dataframe created - dataframe shape: (7948748, 84) 
14:35:50 [visualiser.py:77 -       visualise_NaNs()] INFO | NaN graph visualised at location: out/Thuesday-20-02-2018_TrafficForML_CICFlowMeter/nans.png
14:37:51 [visualiser.py:31 -    visualise_boxplot()] INFO | Boxplot visualised at location: out/Thuesday-20-02-2018_TrafficForML_CICFlowMeter/boxplot.png
14:38:18 [visualiser.py:63 -        visualise_pie()] INFO | Pie chart visualised at location: out/Thuesday-20-02-2018_TrafficForML_CICFlowMeter/pie.png
14:38:19 [process_data.py:23 -           read_files()] INFO | Current file iteration 0 - ../Datasets/cleaned/Thursday-01-03-2018_TrafficForML_CICFlowMeter.csv
14:38:20 [process_data.py:28 -           read_files()] INFO | 0: Chunk process 0
14:38:21 [process_data.py:44 -           read_files()] INFO | All files read, new dataframe created - dataframe shape: (331100, 80) 
14:38:22 [visualiser.py:77 -       visualise_NaNs()] INFO | NaN graph visualised at location: out/Thursday-01-03-2018_TrafficForML_CICFlowMeter/nans.png
14:38:29 [visualiser.py:31 -    visualise_boxplot()] INFO | Boxplot visualised at location: out/Thursday-01-03-2018_TrafficForML_CICFlowMeter/boxplot.png
14:38:31 [visualiser.py:63 -        visualise_pie()] INFO | Pie chart visualised at location: out/Thursday-01-03-2018_TrafficForML_CICFlowMeter/pie.png
14:38:32 [process_data.py:23 -           read_files()] INFO | Current file iteration 0 - ../Datasets/cleaned/Thursday-15-02-2018_TrafficForML_CICFlowMeter.csv
14:38:37 [process_data.py:28 -           read_files()] INFO | 0: Chunk process 0
14:38:37 [process_data.py:28 -           read_files()] INFO | 0: Chunk process 1
14:38:39 [process_data.py:44 -           read_files()] INFO | All files read, new dataframe created - dataframe shape: (1048575, 80) 
14:38:40 [visualiser.py:77 -       visualise_NaNs()] INFO | NaN graph visualised at location: out/Thursday-15-02-2018_TrafficForML_CICFlowMeter/nans.png
14:38:59 [visualiser.py:31 -    visualise_boxplot()] INFO | Boxplot visualised at location: out/Thursday-15-02-2018_TrafficForML_CICFlowMeter/boxplot.png
14:39:04 [visualiser.py:63 -        visualise_pie()] INFO | Pie chart visualised at location: out/Thursday-15-02-2018_TrafficForML_CICFlowMeter/pie.png
14:39:04 [process_data.py:23 -           read_files()] INFO | Current file iteration 0 - ../Datasets/cleaned/Thursday-22-02-2018_TrafficForML_CICFlowMeter.csv
14:39:09 [process_data.py:28 -           read_files()] INFO | 0: Chunk process 0
14:39:10 [process_data.py:28 -           read_files()] INFO | 0: Chunk process 1
14:39:11 [process_data.py:44 -           read_files()] INFO | All files read, new dataframe created - dataframe shape: (1048575, 80) 
14:39:13 [visualiser.py:77 -       visualise_NaNs()] INFO | NaN graph visualised at location: out/Thursday-22-02-2018_TrafficForML_CICFlowMeter/nans.png
14:39:30 [visualiser.py:31 -    visualise_boxplot()] INFO | Boxplot visualised at location: out/Thursday-22-02-2018_TrafficForML_CICFlowMeter/boxplot.png
14:39:34 [visualiser.py:63 -        visualise_pie()] INFO | Pie chart visualised at location: out/Thursday-22-02-2018_TrafficForML_CICFlowMeter/pie.png
14:39:34 [process_data.py:23 -           read_files()] INFO | Current file iteration 0 - ../Datasets/cleaned/Wednesday-14-02-2018_TrafficForML_CICFlowMeter.csv
14:39:39 [process_data.py:28 -           read_files()] INFO | 0: Chunk process 0
14:39:40 [process_data.py:28 -           read_files()] INFO | 0: Chunk process 1
14:39:41 [process_data.py:44 -           read_files()] INFO | All files read, new dataframe created - dataframe shape: (1048575, 80) 
14:39:42 [visualiser.py:77 -       visualise_NaNs()] INFO | NaN graph visualised at location: out/Wednesday-14-02-2018_TrafficForML_CICFlowMeter/nans.png
14:40:01 [visualiser.py:31 -    visualise_boxplot()] INFO | Boxplot visualised at location: out/Wednesday-14-02-2018_TrafficForML_CICFlowMeter/boxplot.png
14:40:05 [visualiser.py:63 -        visualise_pie()] INFO | Pie chart visualised at location: out/Wednesday-14-02-2018_TrafficForML_CICFlowMeter/pie.png
14:40:05 [process_data.py:23 -           read_files()] INFO | Current file iteration 0 - ../Datasets/cleaned/Wednesday-21-02-2018_TrafficForML_CICFlowMeter.csv
14:40:09 [process_data.py:28 -           read_files()] INFO | 0: Chunk process 0
14:40:10 [process_data.py:28 -           read_files()] INFO | 0: Chunk process 1
14:40:11 [process_data.py:44 -           read_files()] INFO | All files read, new dataframe created - dataframe shape: (1048575, 80) 
14:40:12 [visualiser.py:77 -       visualise_NaNs()] INFO | NaN graph visualised at location: out/Wednesday-21-02-2018_TrafficForML_CICFlowMeter/nans.png
14:40:22 [visualiser.py:31 -    visualise_boxplot()] INFO | Boxplot visualised at location: out/Wednesday-21-02-2018_TrafficForML_CICFlowMeter/boxplot.png
14:40:24 [visualiser.py:63 -        visualise_pie()] INFO | Pie chart visualised at location: out/Wednesday-21-02-2018_TrafficForML_CICFlowMeter/pie.png
14:40:24 [process_data.py:23 -           read_files()] INFO | Current file iteration 0 - ../Datasets/cleaned/Wednesday-28-02-2018_TrafficForML_CICFlowMeter.csv
14:40:27 [process_data.py:28 -           read_files()] INFO | 0: Chunk process 0
14:40:28 [process_data.py:44 -           read_files()] INFO | All files read, new dataframe created - dataframe shape: (613071, 80) 
14:40:29 [visualiser.py:77 -       visualise_NaNs()] INFO | NaN graph visualised at location: out/Wednesday-28-02-2018_TrafficForML_CICFlowMeter/nans.png
14:40:42 [visualiser.py:31 -    visualise_boxplot()] INFO | Boxplot visualised at location: out/Wednesday-28-02-2018_TrafficForML_CICFlowMeter/boxplot.png
14:40:46 [visualiser.py:63 -        visualise_pie()] INFO | Pie chart visualised at location: out/Wednesday-28-02-2018_TrafficForML_CICFlowMeter/pie.png
